
=== Configuration ===
Embedding Table Size: 1000000
Embedding Dimension: 2048

Time WITHOUT software prefetching: 2276 microseconds.
 Performance counter stats for './emb naive':

   672,400,775,114      instructions                     #    3.67  insn per cycle              (45.45%)
   183,286,205,332      cycles                                                                  (54.55%)
       263,055,143      cache-misses                                                            (63.64%)
        14,409,840      cpu_core/L1-dcache-load-misses/                                         (63.64%)
        30,332,135      cpu_core/l2_rqsts.all_demand_miss/                                        (63.64%)
         1,260,019      cpu_core/LLC-load-misses/                                               (63.64%)
            42,989      cpu_core/l2_rqsts.swpf_hit/                                             (63.64%)
             1,270      cpu_core/l2_rqsts.swpf_miss/                                            (36.36%)
           167,915      cpu_core/sw_prefetch_access.t0/                                         (36.36%)
                 0      cpu_core/sw_prefetch_access.t1_t2/                                        (36.36%)
                 0      cpu_core/sw_prefetch_access.nta/                                        (36.36%)

      41.964474307 seconds time elapsed

      39.989603000 seconds user
       1.979029000 seconds sys



=== Configuration ===
Embedding Table Size: 1000000
Embedding Dimension: 32

Time WITHOUT software prefetching: 165 microseconds.
Time WITHOUT software prefetching: 53 microseconds.
 Performance counter stats for './emb naive':

    10,498,350,765      instructions                     #    3.67  insn per cycle              (45.36%)
     2,858,980,767      cycles                                                                  (54.47%)
         4,173,570      cache-misses                                                            (63.57%)
           285,436      cpu_core/L1-dcache-load-misses/                                         (63.57%)
           513,061      cpu_core/l2_rqsts.all_demand_miss/                                        (63.57%)
            24,462      cpu_core/LLC-load-misses/                                               (63.57%)
               783      cpu_core/l2_rqsts.swpf_hit/                                             (63.69%)
                16      cpu_core/l2_rqsts.swpf_miss/                                            (36.43%)
             2,646      cpu_core/sw_prefetch_access.t0/                                         (36.43%)
                 0      cpu_core/sw_prefetch_access.t1_t2/                                        (36.43%)
                 0      cpu_core/sw_prefetch_access.nta/                                        (36.31%)

       0.655206070 seconds time elapsed

       0.628027000 seconds user
       0.031001000 seconds sys



=== Configuration ===
Embedding Table Size: 1000000
Embedding Dimension: 32

Time WITHOUT software prefetching: 170 microseconds.
Time WITHOUT software prefetching: 108 microseconds.
 Performance counter stats for './emb naive':

    10,611,935,991      instructions                     #    3.38  insn per cycle              (45.36%)
     3,136,450,595      cycles                                                                  (54.47%)
         4,313,852      cache-misses                                                            (63.57%)
           284,949      cpu_core/L1-dcache-load-misses/                                         (63.57%)
           542,689      cpu_core/l2_rqsts.all_demand_miss/                                        (63.57%)
            26,230      cpu_core/LLC-load-misses/                                               (63.57%)
               938      cpu_core/l2_rqsts.swpf_hit/                                             (63.70%)
                21      cpu_core/l2_rqsts.swpf_miss/                                            (36.43%)
             2,898      cpu_core/sw_prefetch_access.t0/                                         (36.43%)
                 0      cpu_core/sw_prefetch_access.t1_t2/                                        (36.43%)
                 0      cpu_core/sw_prefetch_access.nta/                                        (36.30%)

       0.721088970 seconds time elapsed

       0.690959000 seconds user
       0.033997000 seconds sys



=== Configuration ===
Embedding Table Size: 1000000
Embedding Dimension: 64

Time WITHOUT software prefetching: 216 microseconds.
Time WITHOUT software prefetching: 147 microseconds.
 Performance counter stats for './emb naive':

    21,159,197,880      instructions                     #    3.37  insn per cycle              (45.38%)
     6,272,796,359      cycles                                                                  (54.49%)
         8,359,770      cache-misses                                                            (63.59%)
           418,562      cpu_core/L1-dcache-load-misses/                                         (63.59%)
         1,031,614      cpu_core/l2_rqsts.all_demand_miss/                                        (63.59%)
            60,276      cpu_core/LLC-load-misses/                                               (63.63%)
             1,551      cpu_core/l2_rqsts.swpf_hit/                                             (63.70%)
                52      cpu_core/l2_rqsts.swpf_miss/                                            (36.41%)
             5,755      cpu_core/sw_prefetch_access.t0/                                         (36.41%)
                 0      cpu_core/sw_prefetch_access.t1_t2/                                        (36.37%)
                 0      cpu_core/sw_prefetch_access.nta/                                        (36.30%)

       1.435371421 seconds time elapsed

       1.377245000 seconds user
       0.062011000 seconds sys



=== Configuration ===
Embedding Table Size: 1000000
Embedding Dimension: 128

Time WITHOUT software prefetching: 319 microseconds.
Time WITHOUT software prefetching: 224 microseconds.
 Performance counter stats for './emb naive':

    42,349,488,441      instructions                     #    3.38  insn per cycle              (45.38%)
    12,537,298,275      cycles                                                                  (54.48%)
        16,857,713      cache-misses                                                            (63.59%)
           911,407      cpu_core/L1-dcache-load-misses/                                         (63.62%)
         2,015,511      cpu_core/l2_rqsts.all_demand_miss/                                        (63.66%)
           125,981      cpu_core/LLC-load-misses/                                               (63.69%)
             2,338      cpu_core/l2_rqsts.swpf_hit/                                             (63.72%)
                93      cpu_core/l2_rqsts.swpf_miss/                                            (36.38%)
            11,501      cpu_core/sw_prefetch_access.t0/                                         (36.34%)
                 0      cpu_core/sw_prefetch_access.t1_t2/                                        (36.31%)
                 0      cpu_core/sw_prefetch_access.nta/                                        (36.28%)

       2.873823268 seconds time elapsed

       2.757773000 seconds user
       0.119990000 seconds sys



=== Configuration ===
Embedding Table Size: 1000000
Embedding Dimension: 256

Time WITHOUT software prefetching: 520 microseconds.
Time WITHOUT software prefetching: 450 microseconds.
 Performance counter stats for './emb naive':

    84,736,698,100      instructions                     #    3.37  insn per cycle              (45.45%)
    25,117,389,078      cycles                                                                  (54.54%)
        33,331,735      cache-misses                                                            (63.63%)
         1,942,211      cpu_core/L1-dcache-load-misses/                                         (63.63%)
         4,073,810      cpu_core/l2_rqsts.all_demand_miss/                                        (63.63%)
           241,999      cpu_core/LLC-load-misses/                                               (63.63%)
             5,513      cpu_core/l2_rqsts.swpf_hit/                                             (63.64%)
               167      cpu_core/l2_rqsts.swpf_miss/                                            (36.37%)
            23,052      cpu_core/sw_prefetch_access.t0/                                         (36.37%)
                 0      cpu_core/sw_prefetch_access.t1_t2/                                        (36.37%)
                 0      cpu_core/sw_prefetch_access.nta/                                        (36.36%)

       5.759576398 seconds time elapsed

       5.514466000 seconds user
       0.249021000 seconds sys



=== Configuration ===
Embedding Table Size: 1000000
Embedding Dimension: 512

Time WITHOUT software prefetching: 722 microseconds.
Time WITHOUT software prefetching: 647 microseconds.
 Performance counter stats for './emb naive':

   169,586,331,369      instructions                     #    3.38  insn per cycle              (45.44%)
    50,178,573,762      cycles                                                                  (54.54%)
        66,321,025      cache-misses                                                            (63.64%)
         3,780,516      cpu_core/L1-dcache-load-misses/                                         (63.64%)
         8,058,248      cpu_core/l2_rqsts.all_demand_miss/                                        (63.65%)
           394,416      cpu_core/LLC-load-misses/                                               (63.65%)
             8,981      cpu_core/l2_rqsts.swpf_hit/                                             (63.65%)
               382      cpu_core/l2_rqsts.swpf_miss/                                            (36.36%)
            45,996      cpu_core/sw_prefetch_access.t0/                                         (36.35%)
                 0      cpu_core/sw_prefetch_access.t1_t2/                                        (36.35%)
                 0      cpu_core/sw_prefetch_access.nta/                                        (36.35%)

      11.495706903 seconds time elapsed

      11.004536000 seconds user
       0.495024000 seconds sys



=== Configuration ===
Embedding Table Size: 1000000
Embedding Dimension: 1024

Time WITHOUT software prefetching: 1200 microseconds.
Time WITHOUT software prefetching: 1146 microseconds.
 Performance counter stats for './emb naive':

   339,128,114,631      instructions                     #    3.38  insn per cycle              (45.45%)
   100,236,673,569      cycles                                                                  (54.54%)
       131,897,142      cache-misses                                                            (63.63%)
         7,463,168      cpu_core/L1-dcache-load-misses/                                         (63.64%)
        15,548,715      cpu_core/l2_rqsts.all_demand_miss/                                        (63.64%)
           667,645      cpu_core/LLC-load-misses/                                               (63.64%)
            21,881      cpu_core/l2_rqsts.swpf_hit/                                             (63.64%)
               442      cpu_core/l2_rqsts.swpf_miss/                                            (36.36%)
            91,856      cpu_core/sw_prefetch_access.t0/                                         (36.36%)
                 0      cpu_core/sw_prefetch_access.t1_t2/                                        (36.36%)
                 0      cpu_core/sw_prefetch_access.nta/                                        (36.36%)

      22.958294119 seconds time elapsed

      21.949272000 seconds user
       1.013012000 seconds sys



=== Configuration ===
Embedding Table Size: 1000000
Embedding Dimension: 2048

Time WITHOUT software prefetching: 2346 microseconds.
Time WITHOUT software prefetching: 2193 microseconds.
 Performance counter stats for './emb naive':

   678,238,325,114      instructions                     #    3.38  insn per cycle              (45.45%)
   200,409,383,137      cycles                                                                  (54.54%)
       263,556,892      cache-misses                                                            (63.64%)
        14,662,659      cpu_core/L1-dcache-load-misses/                                         (63.64%)
        31,168,868      cpu_core/l2_rqsts.all_demand_miss/                                        (63.64%)
         1,249,590      cpu_core/LLC-load-misses/                                               (63.64%)
            38,080      cpu_core/l2_rqsts.swpf_hit/                                             (63.64%)
             1,264      cpu_core/l2_rqsts.swpf_miss/                                            (36.36%)
           183,576      cpu_core/sw_prefetch_access.t0/                                         (36.36%)
                 0      cpu_core/sw_prefetch_access.t1_t2/                                        (36.36%)
                 0      cpu_core/sw_prefetch_access.nta/                                        (36.36%)

      45.876741501 seconds time elapsed

      43.978591000 seconds user
       1.902025000 seconds sys


