
=== Configuration ===
Embedding Table Size: 30000
Embedding Dimension: 128

Time WITHOUT software prefetching: 220 microseconds.Mode: SOFTWARE PREFETCHING
Prefetch Distance: 8
Cache Level: 1 (L2)

Time WITH software prefetching: 196 microseconds.

Speedup (with software prefetching) = 1.12245x

 Performance counter stats for './emb prefetch':

     1,252,299,481      instructions                     #    3.19  insn per cycle              (44.57%)
       392,865,102      cycles                                                                  (54.43%)
           462,068      cache-misses                                                            (64.29%)
            85,764      cpu_core/L1-dcache-load-misses/                                         (64.97%)
            87,859      cpu_core/l2_rqsts.all_demand_miss/                                        (64.95%)
             8,969      cpu_core/LLC-load-misses/                                               (64.95%)
               161      cpu_core/l2_rqsts.swpf_hit/                                             (64.95%)
                 2      cpu_core/l2_rqsts.swpf_miss/                                            (35.03%)
               365      cpu_core/sw_prefetch_access.t0/                                         (35.05%)
                 0      cpu_core/sw_prefetch_access.t1_t2/                                        (35.05%)
                 0      cpu_core/sw_prefetch_access.nta/                                        (35.05%)

       0.087619053 seconds time elapsed

       0.085493000 seconds user
       0.006034000 seconds sys



=== Configuration ===
Embedding Table Size: 100000
Embedding Dimension: 128

Time WITHOUT software prefetching: 263 microseconds.Mode: SOFTWARE PREFETCHING
Prefetch Distance: 8
Cache Level: 1 (L2)

Time WITH software prefetching: 226 microseconds.

Speedup (with software prefetching) = 1.16372x

 Performance counter stats for './emb prefetch':

     4,254,524,311      instructions                     #    3.37  insn per cycle              (44.94%)
     1,260,754,483      cycles                                                                  (54.24%)
         1,596,281      cache-misses                                                            (63.53%)
           116,891      cpu_core/L1-dcache-load-misses/                                         (63.88%)
           248,150      cpu_core/l2_rqsts.all_demand_miss/                                        (64.20%)
            17,294      cpu_core/LLC-load-misses/                                               (64.20%)
               303      cpu_core/l2_rqsts.swpf_hit/                                             (64.20%)
                 8      cpu_core/l2_rqsts.swpf_miss/                                            (36.12%)
             1,162      cpu_core/sw_prefetch_access.t0/                                         (35.80%)
                 0      cpu_core/sw_prefetch_access.t1_t2/                                        (35.80%)
                 0      cpu_core/sw_prefetch_access.nta/                                        (35.80%)

       0.286967906 seconds time elapsed

       0.275720000 seconds user
       0.015039000 seconds sys



=== Configuration ===
Embedding Table Size: 1000000
Embedding Dimension: 128

Time WITHOUT software prefetching: 326 microseconds.Mode: SOFTWARE PREFETCHING
Prefetch Distance: 8
Cache Level: 1 (L2)

Time WITH software prefetching: 237 microseconds.

Speedup (with software prefetching) = 1.37553x

 Performance counter stats for './emb prefetch':

    42,430,975,202      instructions                     #    3.39  insn per cycle              (45.39%)
    12,522,766,941      cycles                                                                  (54.50%)
        16,501,648      cache-misses                                                            (63.61%)
           970,930      cpu_core/L1-dcache-load-misses/                                         (63.64%)
         1,997,663      cpu_core/l2_rqsts.all_demand_miss/                                        (63.68%)
            87,680      cpu_core/LLC-load-misses/                                               (63.70%)
             3,134      cpu_core/l2_rqsts.swpf_hit/                                             (63.70%)
             1,592      cpu_core/l2_rqsts.swpf_miss/                                            (36.36%)
            11,497      cpu_core/sw_prefetch_access.t0/                                         (36.32%)
                 0      cpu_core/sw_prefetch_access.t1_t2/                                        (36.30%)
                 0      cpu_core/sw_prefetch_access.nta/                                        (36.30%)

       2.872731672 seconds time elapsed

       2.773514000 seconds user
       0.103019000 seconds sys



=== Configuration ===
Embedding Table Size: 500000
Embedding Dimension: 128

Time WITHOUT software prefetching: 300 microseconds.Mode: SOFTWARE PREFETCHING
Prefetch Distance: 8
Cache Level: 1 (L2)

Time WITH software prefetching: 317 microseconds.

Speedup (with software prefetching) = 0.946372x

 Performance counter stats for './emb prefetch':

    21,241,236,691      instructions                     #    3.38  insn per cycle              (45.35%)
     6,286,671,929      cycles                                                                  (54.48%)
         8,266,778      cache-misses                                                            (63.61%)
           594,035      cpu_core/L1-dcache-load-misses/                                         (63.68%)
         1,061,550      cpu_core/l2_rqsts.all_demand_miss/                                        (63.75%)
            68,922      cpu_core/LLC-load-misses/                                               (63.75%)
             1,342      cpu_core/l2_rqsts.swpf_hit/                                             (63.75%)
                55      cpu_core/l2_rqsts.swpf_miss/                                            (36.32%)
             5,782      cpu_core/sw_prefetch_access.t0/                                         (36.25%)
                 0      cpu_core/sw_prefetch_access.t1_t2/                                        (36.25%)
                 0      cpu_core/sw_prefetch_access.nta/                                        (36.25%)

       1.442054136 seconds time elapsed

       1.374875000 seconds user
       0.070993000 seconds sys



=== Configuration ===
Embedding Table Size: 2000000
Embedding Dimension: 128

Time WITHOUT software prefetching: 322 microseconds.Mode: SOFTWARE PREFETCHING
Prefetch Distance: 8
Cache Level: 1 (L2)

Time WITH software prefetching: 237 microseconds.

Speedup (with software prefetching) = 1.35865x

 Performance counter stats for './emb prefetch':

    84,786,876,486      instructions                     #    3.37  insn per cycle              (45.43%)
    25,149,153,402      cycles                                                                  (54.53%)
        33,097,557      cache-misses                                                            (63.62%)
         1,916,767      cpu_core/L1-dcache-load-misses/                                         (63.62%)
         4,026,539      cpu_core/l2_rqsts.all_demand_miss/                                        (63.62%)
           182,256      cpu_core/LLC-load-misses/                                               (63.64%)
             4,684      cpu_core/l2_rqsts.swpf_hit/                                             (63.66%)
               189      cpu_core/l2_rqsts.swpf_miss/                                            (36.38%)
            23,090      cpu_core/sw_prefetch_access.t0/                                         (36.38%)
             1,540      cpu_core/sw_prefetch_access.t1_t2/                                        (36.36%)
                 0      cpu_core/sw_prefetch_access.nta/                                        (36.34%)

       5.769021134 seconds time elapsed

       5.520846000 seconds user
       0.251992000 seconds sys


